# JRE version: OpenJDK Runtime Environment Temurin-21.0.8+9 (21.0.8+9) (build 21.0.8+9-LTS)
# Java VM: OpenJDK 64-Bit Server VM Temurin-21.0.8+9 (21.0.8+9-LTS, mixed mode, sharing, tiered, compressed oops, compressed class ptrs, parallel gc, windows-amd64)
GC Precious Log:
 CardTable entry size: 512
 CPUs: 16 total, 16 available
 Memory: 16108M
 Large Page Support: Disabled
 NUMA Support: Disabled
 Compressed Oops: Enabled (32-bit)
 Alignments: Space 512K, Generation 512K, Heap 2M
 Heap Min Capacity: 100M
 Heap Initial Capacity: 100M
 Heap Max Capacity: 2G
 Pre-touch: Disabled
 Parallel Workers: 13
Heap:
 PSYoungGen      total 6144K, used 4591K [0x00000000d5580000, 0x00000000d5d00000, 0x0000000100000000)
  eden space 4608K, 71% used [0x00000000d5580000,0x00000000d58b4fa0,0x00000000d5a00000)
  from space 1536K, 85% used [0x00000000d5a00000,0x00000000d5b46cc8,0x00000000d5b80000)
  to   space 1536K, 0% used [0x00000000d5b80000,0x00000000d5b80000,0x00000000d5d00000)
 ParOldGen       total 178688K, used 178397K [0x0000000080000000, 0x000000008ae80000, 0x00000000d5580000)
  object space 178688K, 99% used [0x0000000080000000,0x000000008ae37758,0x000000008ae80000)
 Metaspace       used 57360K, committed 58624K, reserved 1114112K
  class space    used 6065K, committed 6656K, reserved 1048576K
GC Heap History (20 events):
Event: 7.454 GC heap before
{Heap before GC invocations=99 (full 2):
 PSYoungGen      total 5120K, used 5103K [0x00000000d5580000, 0x00000000d6080000, 0x0000000100000000)
  eden space 3584K, 100% used [0x00000000d5580000,0x00000000d5900000,0x00000000d5900000)
  from space 1536K, 98% used [0x00000000d5c00000,0x00000000d5d7bfd8,0x00000000d5d80000)
  to   space 3072K, 0% used [0x00000000d5900000,0x00000000d5900000,0x00000000d5c00000)
 ParOldGen       total 167424K, used 167213K [0x0000000080000000, 0x000000008a380000, 0x00000000d5580000)
  object space 167424K, 99% used [0x0000000080000000,0x000000008a34b620,0x000000008a380000)
 Metaspace       used 56804K, committed 58112K, reserved 1114112K
  class space    used 6047K, committed 6656K, reserved 1048576K
}
Event: 8.456 GC heap after
{Heap after GC invocations=99 (full 2):
 PSYoungGen      total 4608K, used 912K [0x00000000d5580000, 0x00000000d5d00000, 0x0000000100000000)
  eden space 3584K, 0% used [0x00000000d5580000,0x00000000d5580000,0x00000000d5900000)
  from space 1024K, 89% used [0x00000000d5900000,0x00000000d59e41e8,0x00000000d5a00000)
  to   space 1536K, 0% used [0x00000000d5b80000,0x00000000d5b80000,0x00000000d5d00000)
 ParOldGen       total 168960K, used 168515K [0x0000000080000000, 0x000000008a500000, 0x00000000d5580000)
  object space 168960K, 99% used [0x0000000080000000,0x000000008a490f70,0x000000008a500000)
 Metaspace       used 56804K, committed 58112K, reserved 1114112K
  class space    used 6047K, committed 6656K, reserved 1048576K
}
Event: 8.473 GC heap before
{Heap before GC invocations=100 (full 2):
 PSYoungGen      total 4608K, used 4496K [0x00000000d5580000, 0x00000000d5d00000, 0x0000000100000000)
  eden space 3584K, 100% used [0x00000000d5580000,0x00000000d5900000,0x00000000d5900000)
  from space 1024K, 89% used [0x00000000d5900000,0x00000000d59e41e8,0x00000000d5a00000)
  to   space 1536K, 0% used [0x00000000d5b80000,0x00000000d5b80000,0x00000000d5d00000)
 ParOldGen       total 168960K, used 168515K [0x0000000080000000, 0x000000008a500000, 0x00000000d5580000)
  object space 168960K, 99% used [0x0000000080000000,0x000000008a490f70,0x000000008a500000)
 Metaspace       used 56866K, committed 58176K, reserved 1114112K
  class space    used 6050K, committed 6656K, reserved 1048576K
}
Event: 8.475 GC heap after
{Heap after GC invocations=100 (full 2):
 PSYoungGen      total 6144K, used 978K [0x00000000d5580000, 0x00000000d5d00000, 0x0000000100000000)
  eden space 4608K, 0% used [0x00000000d5580000,0x00000000d5580000,0x00000000d5a00000)
  from space 1536K, 63% used [0x00000000d5b80000,0x00000000d5c74ba0,0x00000000d5d00000)
  to   space 1536K, 0% used [0x00000000d5a00000,0x00000000d5a00000,0x00000000d5b80000)
 ParOldGen       total 169472K, used 169253K [0x0000000080000000, 0x000000008a580000, 0x00000000d5580000)
  object space 169472K, 99% used [0x0000000080000000,0x000000008a549510,0x000000008a580000)
 Metaspace       used 56866K, committed 58176K, reserved 1114112K
  class space    used 6050K, committed 6656K, reserved 1048576K
}
Event: 8.492 GC heap before
{Heap before GC invocations=101 (full 2):
 PSYoungGen      total 6144K, used 5586K [0x00000000d5580000, 0x00000000d5d00000, 0x0000000100000000)
  eden space 4608K, 100% used [0x00000000d5580000,0x00000000d5a00000,0x00000000d5a00000)
  from space 1536K, 63% used [0x00000000d5b80000,0x00000000d5c74ba0,0x00000000d5d00000)
  to   space 1536K, 0% used [0x00000000d5a00000,0x00000000d5a00000,0x00000000d5b80000)
 ParOldGen       total 169472K, used 169253K [0x0000000080000000, 0x000000008a580000, 0x00000000d5580000)
  object space 169472K, 99% used [0x0000000080000000,0x000000008a549510,0x000000008a580000)
 Metaspace       used 56905K, committed 58176K, reserved 1114112K
  class space    used 6053K, committed 6656K, reserved 1048576K
}
Event: 8.494 GC heap after
{Heap after GC invocations=101 (full 2):
 PSYoungGen      total 6144K, used 1312K [0x00000000d5580000, 0x00000000d5e00000, 0x0000000100000000)
  eden space 4608K, 0% used [0x00000000d5580000,0x00000000d5580000,0x00000000d5a00000)
  from space 1536K, 85% used [0x00000000d5a00000,0x00000000d5b480e0,0x00000000d5b80000)
  to   space 1536K, 0% used [0x00000000d5c80000,0x00000000d5c80000,0x00000000d5e00000)
 ParOldGen       total 170496K, used 170003K [0x0000000080000000, 0x000000008a680000, 0x00000000d5580000)
  object space 170496K, 99% used [0x0000000080000000,0x000000008a604f18,0x000000008a680000)
 Metaspace       used 56905K, committed 58176K, reserved 1114112K
  class space    used 6053K, committed 6656K, reserved 1048576K
}
Event: 8.508 GC heap before
{Heap before GC invocations=102 (full 2):
 PSYoungGen      total 6144K, used 5920K [0x00000000d5580000, 0x00000000d5e00000, 0x0000000100000000)
  eden space 4608K, 100% used [0x00000000d5580000,0x00000000d5a00000,0x00000000d5a00000)
  from space 1536K, 85% used [0x00000000d5a00000,0x00000000d5b480e0,0x00000000d5b80000)
  to   space 1536K, 0% used [0x00000000d5c80000,0x00000000d5c80000,0x00000000d5e00000)
 ParOldGen       total 170496K, used 170003K [0x0000000080000000, 0x000000008a680000, 0x00000000d5580000)
  object space 170496K, 99% used [0x0000000080000000,0x000000008a604f18,0x000000008a680000)
 Metaspace       used 56916K, committed 58240K, reserved 1114112K
  class space    used 6055K, committed 6656K, reserved 1048576K
}
Event: 8.509 GC heap after
{Heap after GC invocations=102 (full 2):
 PSYoungGen      total 6144K, used 1223K [0x00000000d5580000, 0x00000000d5e00000, 0x0000000100000000)
  eden space 4608K, 0% used [0x00000000d5580000,0x00000000d5580000,0x00000000d5a00000)
  from space 1536K, 79% used [0x00000000d5c80000,0x00000000d5db1fb8,0x00000000d5e00000)
  to   space 1536K, 0% used [0x00000000d5a00000,0x00000000d5a00000,0x00000000d5b80000)
 ParOldGen       total 171520K, used 171188K [0x0000000080000000, 0x000000008a780000, 0x00000000d5580000)
  object space 171520K, 99% used [0x0000000080000000,0x000000008a72d180,0x000000008a780000)
 Metaspace       used 56916K, committed 58240K, reserved 1114112K
  class space    used 6055K, committed 6656K, reserved 1048576K
}
Event: 8.522 GC heap before
{Heap before GC invocations=103 (full 2):
 PSYoungGen      total 6144K, used 5831K [0x00000000d5580000, 0x00000000d5e00000, 0x0000000100000000)
  eden space 4608K, 100% used [0x00000000d5580000,0x00000000d5a00000,0x00000000d5a00000)
  from space 1536K, 79% used [0x00000000d5c80000,0x00000000d5db1fb8,0x00000000d5e00000)
  to   space 1536K, 0% used [0x00000000d5a00000,0x00000000d5a00000,0x00000000d5b80000)
 ParOldGen       total 171520K, used 171188K [0x0000000080000000, 0x000000008a780000, 0x00000000d5580000)
  object space 171520K, 99% used [0x0000000080000000,0x000000008a72d180,0x000000008a780000)
 Metaspace       used 56929K, committed 58240K, reserved 1114112K
  class space    used 6055K, committed 6656K, reserved 1048576K
}
Event: 8.523 GC heap after
{Heap after GC invocations=103 (full 2):
 PSYoungGen      total 6144K, used 1326K [0x00000000d5580000, 0x00000000d5d00000, 0x0000000100000000)
  eden space 4608K, 0% used [0x00000000d5580000,0x00000000d5580000,0x00000000d5a00000)
  from space 1536K, 86% used [0x00000000d5a00000,0x00000000d5b4b988,0x00000000d5b80000)
  to   space 1536K, 0% used [0x00000000d5b80000,0x00000000d5b80000,0x00000000d5d00000)
 ParOldGen       total 172544K, used 172207K [0x0000000080000000, 0x000000008a880000, 0x00000000d5580000)
  object space 172544K, 99% used [0x0000000080000000,0x000000008a82be48,0x000000008a880000)
 Metaspace       used 56929K, committed 58240K, reserved 1114112K
  class space    used 6055K, committed 6656K, reserved 1048576K
}
Event: 8.539 GC heap before
{Heap before GC invocations=104 (full 2):
 PSYoungGen      total 6144K, used 5934K [0x00000000d5580000, 0x00000000d5d00000, 0x0000000100000000)
  eden space 4608K, 100% used [0x00000000d5580000,0x00000000d5a00000,0x00000000d5a00000)
  from space 1536K, 86% used [0x00000000d5a00000,0x00000000d5b4b988,0x00000000d5b80000)
  to   space 1536K, 0% used [0x00000000d5b80000,0x00000000d5b80000,0x00000000d5d00000)
 ParOldGen       total 172544K, used 172207K [0x0000000080000000, 0x000000008a880000, 0x00000000d5580000)
  object space 172544K, 99% used [0x0000000080000000,0x000000008a82be48,0x000000008a880000)
 Metaspace       used 56962K, committed 58240K, reserved 1114112K
  class space    used 6057K, committed 6656K, reserved 1048576K
}
Event: 8.540 GC heap after
{Heap after GC invocations=104 (full 2):
 PSYoungGen      total 6144K, used 1224K [0x00000000d5580000, 0x00000000d5d00000, 0x0000000100000000)
  eden space 4608K, 0% used [0x00000000d5580000,0x00000000d5580000,0x00000000d5a00000)
  from space 1536K, 79% used [0x00000000d5b80000,0x00000000d5cb22b8,0x00000000d5d00000)
  to   space 1536K, 0% used [0x00000000d5a00000,0x00000000d5a00000,0x00000000d5b80000)
 ParOldGen       total 173568K, used 173173K [0x0000000080000000, 0x000000008a980000, 0x00000000d5580000)
  object space 173568K, 99% used [0x0000000080000000,0x000000008a91d6e8,0x000000008a980000)
 Metaspace       used 56962K, committed 58240K, reserved 1114112K
  class space    used 6057K, committed 6656K, reserved 1048576K
}
Event: 8.556 GC heap before
{Heap before GC invocations=105 (full 2):
 PSYoungGen      total 6144K, used 5832K [0x00000000d5580000, 0x00000000d5d00000, 0x0000000100000000)
  eden space 4608K, 100% used [0x00000000d5580000,0x00000000d5a00000,0x00000000d5a00000)
  from space 1536K, 79% used [0x00000000d5b80000,0x00000000d5cb22b8,0x00000000d5d00000)
  to   space 1536K, 0% used [0x00000000d5a00000,0x00000000d5a00000,0x00000000d5b80000)
 ParOldGen       total 173568K, used 173173K [0x0000000080000000, 0x000000008a980000, 0x00000000d5580000)
  object space 173568K, 99% used [0x0000000080000000,0x000000008a91d6e8,0x000000008a980000)
 Metaspace       used 57052K, committed 58304K, reserved 1114112K
  class space    used 6057K, committed 6656K, reserved 1048576K
}
Event: 8.557 GC heap after
{Heap after GC invocations=105 (full 2):
 PSYoungGen      total 6144K, used 1287K [0x00000000d5580000, 0x00000000d5d00000, 0x0000000100000000)
  eden space 4608K, 0% used [0x00000000d5580000,0x00000000d5580000,0x00000000d5a00000)
  from space 1536K, 83% used [0x00000000d5a00000,0x00000000d5b41f68,0x00000000d5b80000)
  to   space 1536K, 0% used [0x00000000d5b80000,0x00000000d5b80000,0x00000000d5d00000)
 ParOldGen       total 174592K, used 174206K [0x0000000080000000, 0x000000008aa80000, 0x00000000d5580000)
  object space 174592K, 99% used [0x0000000080000000,0x000000008aa1f930,0x000000008aa80000)
 Metaspace       used 57052K, committed 58304K, reserved 1114112K
  class space    used 6057K, committed 6656K, reserved 1048576K
}
Event: 8.574 GC heap before
{Heap before GC invocations=106 (full 2):
 PSYoungGen      total 6144K, used 5894K [0x00000000d5580000, 0x00000000d5d00000, 0x0000000100000000)
  eden space 4608K, 99% used [0x00000000d5580000,0x00000000d59ffac8,0x00000000d5a00000)
  from space 1536K, 83% used [0x00000000d5a00000,0x00000000d5b41f68,0x00000000d5b80000)
  to   space 1536K, 0% used [0x00000000d5b80000,0x00000000d5b80000,0x00000000d5d00000)
 ParOldGen       total 174592K, used 174206K [0x0000000080000000, 0x000000008aa80000, 0x00000000d5580000)
  object space 174592K, 99% used [0x0000000080000000,0x000000008aa1f930,0x000000008aa80000)
 Metaspace       used 57121K, committed 58368K, reserved 1114112K
  class space    used 6057K, committed 6656K, reserved 1048576K
}
Event: 8.575 GC heap after
{Heap after GC invocations=106 (full 2):
 PSYoungGen      total 6144K, used 1255K [0x00000000d5580000, 0x00000000d5d00000, 0x0000000100000000)
  eden space 4608K, 0% used [0x00000000d5580000,0x00000000d5580000,0x00000000d5a00000)
  from space 1536K, 81% used [0x00000000d5b80000,0x00000000d5cb9e68,0x00000000d5d00000)
  to   space 1536K, 0% used [0x00000000d5a00000,0x00000000d5a00000,0x00000000d5b80000)
 ParOldGen       total 175616K, used 175219K [0x0000000080000000, 0x000000008ab80000, 0x00000000d5580000)
  object space 175616K, 99% used [0x0000000080000000,0x000000008ab1cc40,0x000000008ab80000)
 Metaspace       used 57121K, committed 58368K, reserved 1114112K
  class space    used 6057K, committed 6656K, reserved 1048576K
}
Event: 8.591 GC heap before
{Heap before GC invocations=107 (full 2):
 PSYoungGen      total 6144K, used 5863K [0x00000000d5580000, 0x00000000d5d00000, 0x0000000100000000)
  eden space 4608K, 100% used [0x00000000d5580000,0x00000000d5a00000,0x00000000d5a00000)
  from space 1536K, 81% used [0x00000000d5b80000,0x00000000d5cb9e68,0x00000000d5d00000)
  to   space 1536K, 0% used [0x00000000d5a00000,0x00000000d5a00000,0x00000000d5b80000)
 ParOldGen       total 175616K, used 175219K [0x0000000080000000, 0x000000008ab80000, 0x00000000d5580000)
  object space 175616K, 99% used [0x0000000080000000,0x000000008ab1cc40,0x000000008ab80000)
 Metaspace       used 57157K, committed 58432K, reserved 1114112K
  class space    used 6060K, committed 6656K, reserved 1048576K
}
Event: 8.592 GC heap after
{Heap after GC invocations=107 (full 2):
 PSYoungGen      total 6144K, used 1202K [0x00000000d5580000, 0x00000000d5d00000, 0x0000000100000000)
  eden space 4608K, 0% used [0x00000000d5580000,0x00000000d5580000,0x00000000d5a00000)
  from space 1536K, 78% used [0x00000000d5a00000,0x00000000d5b2ca40,0x00000000d5b80000)
  to   space 1536K, 0% used [0x00000000d5b80000,0x00000000d5b80000,0x00000000d5d00000)
 ParOldGen       total 176640K, used 176286K [0x0000000080000000, 0x000000008ac80000, 0x00000000d5580000)
  object space 176640K, 99% used [0x0000000080000000,0x000000008ac27998,0x000000008ac80000)
 Metaspace       used 57157K, committed 58432K, reserved 1114112K
  class space    used 6060K, committed 6656K, reserved 1048576K
}
Event: 8.607 GC heap before
{Heap before GC invocations=108 (full 2):
 PSYoungGen      total 6144K, used 5810K [0x00000000d5580000, 0x00000000d5d00000, 0x0000000100000000)
  eden space 4608K, 100% used [0x00000000d5580000,0x00000000d5a00000,0x00000000d5a00000)
  from space 1536K, 78% used [0x00000000d5a00000,0x00000000d5b2ca40,0x00000000d5b80000)
  to   space 1536K, 0% used [0x00000000d5b80000,0x00000000d5b80000,0x00000000d5d00000)
 ParOldGen       total 176640K, used 176286K [0x0000000080000000, 0x000000008ac80000, 0x00000000d5580000)
  object space 176640K, 99% used [0x0000000080000000,0x000000008ac27998,0x000000008ac80000)
 Metaspace       used 57165K, committed 58432K, reserved 1114112K
  class space    used 6061K, committed 6656K, reserved 1048576K
}
Event: 8.608 GC heap after
{Heap after GC invocations=108 (full 2):
 PSYoungGen      total 6144K, used 1212K [0x00000000d5580000, 0x00000000d5d00000, 0x0000000100000000)
  eden space 4608K, 0% used [0x00000000d5580000,0x00000000d5580000,0x00000000d5a00000)
  from space 1536K, 78% used [0x00000000d5b80000,0x00000000d5caf2e0,0x00000000d5d00000)
  to   space 1536K, 0% used [0x00000000d5a00000,0x00000000d5a00000,0x00000000d5b80000)
 ParOldGen       total 177664K, used 177354K [0x0000000080000000, 0x000000008ad80000, 0x00000000d5580000)
  object space 177664K, 99% used [0x0000000080000000,0x000000008ad32900,0x000000008ad80000)
 Metaspace       used 57165K, committed 58432K, reserved 1114112K
  class space    used 6061K, committed 6656K, reserved 1048576K
}

